2018-09-04 13:28:44,030 INFO (StartupInfoLogger.java:48)- Starting WebApplication on gfl0492 with PID 19020 (D:\mywork\01-test\mybatislearn\web\target\classes started by manman.si in D:\mywork\01-test\mybatislearn)
2018-09-04 13:28:44,089 DEBUG (StartupInfoLogger.java:51)- Running with Spring Boot v1.5.9.RELEASE, Spring v4.3.13.RELEASE
2018-09-04 13:28:44,089 INFO (SpringApplication.java:593)- No active profile set, falling back to default profiles: default
2018-09-04 13:28:44,340 INFO (AbstractApplicationContext.java:583)- Refreshing org.springframework.boot.context.embedded.AnnotationConfigEmbeddedWebApplicationContext@6777981f: startup date [Tue Sep 04 13:28:44 CST 2018]; root of context hierarchy
2018-09-04 13:28:44,345 INFO (Version.java:30)- HV000001: Hibernate Validator 5.3.6.Final
2018-09-04 13:28:48,602 INFO (RepositoryConfigurationDelegate.java:165)- Multiple Spring Data modules found, entering strict repository configuration mode!
2018-09-04 13:28:48,693 INFO (DefaultListableBeanFactory.java:828)- Overriding bean definition for bean 'httpRequestHandlerAdapter' with a different definition: replacing [Root bean: class [null]; scope=; abstract=false; lazyInit=false; autowireMode=3; dependencyCheck=0; autowireCandidate=true; primary=false; factoryBeanName=org.springframework.boot.autoconfigure.web.WebMvcAutoConfiguration$EnableWebMvcConfiguration; factoryMethodName=httpRequestHandlerAdapter; initMethodName=null; destroyMethodName=(inferred); defined in class path resource [org/springframework/boot/autoconfigure/web/WebMvcAutoConfiguration$EnableWebMvcConfiguration.class]] with [Root bean: class [null]; scope=; abstract=false; lazyInit=false; autowireMode=3; dependencyCheck=0; autowireCandidate=true; primary=false; factoryBeanName=org.springframework.data.rest.webmvc.config.RepositoryRestMvcConfiguration; factoryMethodName=httpRequestHandlerAdapter; initMethodName=null; destroyMethodName=(inferred); defined in class path resource [org/springframework/data/rest/webmvc/config/RepositoryRestMvcConfiguration.class]]
2018-09-04 13:28:49,705 INFO (PostProcessorRegistrationDelegate.java:327)- Bean 'org.springframework.transaction.annotation.ProxyTransactionManagementConfiguration' of type [org.springframework.transaction.annotation.ProxyTransactionManagementConfiguration$$EnhancerBySpringCGLIB$$df5496b3] is not eligible for getting processed by all BeanPostProcessors (for example: not eligible for auto-proxying)
2018-09-04 13:28:51,443 INFO (TomcatEmbeddedServletContainer.java:89)- Tomcat initialized with port(s): 8088 (http)
2018-09-04 13:28:51,484 INFO (DirectJDKLog.java:179)- Starting service [Tomcat]
2018-09-04 13:28:51,488 INFO (DirectJDKLog.java:179)- Starting Servlet Engine: Apache Tomcat/8.5.23
2018-09-04 13:28:51,839 INFO (DirectJDKLog.java:179)- Initializing Spring embedded WebApplicationContext
2018-09-04 13:28:51,839 INFO (EmbeddedWebApplicationContext.java:276)- Root WebApplicationContext: initialization completed in 7500 ms
2018-09-04 13:28:52,502 INFO (ServletRegistrationBean.java:190)- Mapping servlet: 'dispatcherServlet' to [/]
2018-09-04 13:28:52,504 INFO (ServletRegistrationBean.java:190)- Mapping servlet: 'statViewServlet' to [/druid/*]
2018-09-04 13:28:52,509 INFO (AbstractFilterRegistrationBean.java:258)- Mapping filter: 'characterEncodingFilter' to: [/*]
2018-09-04 13:28:52,510 INFO (AbstractFilterRegistrationBean.java:258)- Mapping filter: 'hiddenHttpMethodFilter' to: [/*]
2018-09-04 13:28:52,510 INFO (AbstractFilterRegistrationBean.java:258)- Mapping filter: 'httpPutFormContentFilter' to: [/*]
2018-09-04 13:28:52,511 INFO (AbstractFilterRegistrationBean.java:258)- Mapping filter: 'requestContextFilter' to: [/*]
2018-09-04 13:28:52,511 INFO (AbstractFilterRegistrationBean.java:271)- Mapping filter: 'webStatFilter' to urls: [/*]
2018-09-04 13:28:52,942 INFO (FreeMarkerConfigurer.java:127)- ClassTemplateLoader for Spring macros added to FreeMarker configuration
2018-09-04 13:28:57,512 INFO (RequestMappingHandlerAdapter.java:534)- Looking for @ControllerAdvice: org.springframework.boot.context.embedded.AnnotationConfigEmbeddedWebApplicationContext@6777981f: startup date [Tue Sep 04 13:28:44 CST 2018]; root of context hierarchy
2018-09-04 13:28:57,689 INFO (AbstractHandlerMethodMapping.java:543)- Mapped "{[/file/export]}" onto public void simm.learning.web.controllers.FileController.export(javax.servlet.http.HttpServletRequest,javax.servlet.http.HttpServletResponse)
2018-09-04 13:28:57,693 INFO (AbstractHandlerMethodMapping.java:543)- Mapped "{[/user/index]}" onto public java.lang.String simm.learning.web.controllers.UserController.index(java.util.Map<java.lang.String, java.lang.Object>)
2018-09-04 13:28:57,696 INFO (AbstractHandlerMethodMapping.java:543)- Mapped "{[/user/list2]}" onto public java.util.List<simm.learning.biz.entity.authority.User> simm.learning.web.controllers.UserController.getList2()
2018-09-04 13:28:57,699 INFO (AbstractHandlerMethodMapping.java:543)- Mapped "{[/user/list]}" onto public java.util.List<simm.learning.biz.entity.authority.User> simm.learning.web.controllers.UserController.getList(simm.learning.biz.entity.RequestJson<simm.learning.biz.entity.authority.User>)
2018-09-04 13:28:57,704 INFO (AbstractHandlerMethodMapping.java:543)- Mapped "{[/error]}" onto public org.springframework.http.ResponseEntity<java.util.Map<java.lang.String, java.lang.Object>> org.springframework.boot.autoconfigure.web.BasicErrorController.error(javax.servlet.http.HttpServletRequest)
2018-09-04 13:28:57,705 INFO (AbstractHandlerMethodMapping.java:543)- Mapped "{[/error],produces=[text/html]}" onto public org.springframework.web.servlet.ModelAndView org.springframework.boot.autoconfigure.web.BasicErrorController.errorHtml(javax.servlet.http.HttpServletRequest,javax.servlet.http.HttpServletResponse)
2018-09-04 13:28:57,940 INFO (AbstractUrlHandlerMapping.java:362)- Mapped URL path [/webjars/**] onto handler of type [class org.springframework.web.servlet.resource.ResourceHttpRequestHandler]
2018-09-04 13:28:57,940 INFO (AbstractUrlHandlerMapping.java:362)- Mapped URL path [/**] onto handler of type [class org.springframework.web.servlet.resource.ResourceHttpRequestHandler]
2018-09-04 13:28:57,999 INFO (ExceptionHandlerExceptionResolver.java:273)- Detected @ExceptionHandler methods in repositoryRestExceptionHandler
2018-09-04 13:28:58,218 INFO (AbstractUrlHandlerMapping.java:362)- Mapped URL path [/**/favicon.ico] onto handler of type [class org.springframework.web.servlet.resource.ResourceHttpRequestHandler]
2018-09-04 13:28:59,667 INFO (RequestMappingHandlerAdapter.java:534)- Looking for @ControllerAdvice: org.springframework.boot.context.embedded.AnnotationConfigEmbeddedWebApplicationContext@6777981f: startup date [Tue Sep 04 13:28:44 CST 2018]; root of context hierarchy
2018-09-04 13:28:59,692 INFO (AbstractHandlerMethodMapping.java:543)- Mapped "{[/ || ],methods=[OPTIONS],produces=[application/hal+json || application/json]}" onto public org.springframework.http.HttpEntity<?> org.springframework.data.rest.webmvc.RepositoryController.optionsForRepositories()
2018-09-04 13:28:59,693 INFO (AbstractHandlerMethodMapping.java:543)- Mapped "{[/ || ],methods=[HEAD],produces=[application/hal+json || application/json]}" onto public org.springframework.http.ResponseEntity<?> org.springframework.data.rest.webmvc.RepositoryController.headForRepositories()
2018-09-04 13:28:59,694 INFO (AbstractHandlerMethodMapping.java:543)- Mapped "{[/ || ],methods=[GET],produces=[application/hal+json || application/json]}" onto public org.springframework.http.HttpEntity<org.springframework.data.rest.webmvc.RepositoryLinksResource> org.springframework.data.rest.webmvc.RepositoryController.listRepositories()
2018-09-04 13:28:59,702 INFO (AbstractHandlerMethodMapping.java:543)- Mapped "{[/{repository}],methods=[OPTIONS],produces=[application/hal+json || application/json]}" onto public org.springframework.http.ResponseEntity<?> org.springframework.data.rest.webmvc.RepositoryEntityController.optionsForCollectionResource(org.springframework.data.rest.webmvc.RootResourceInformation)
2018-09-04 13:28:59,704 INFO (AbstractHandlerMethodMapping.java:543)- Mapped "{[/{repository}],methods=[HEAD],produces=[application/hal+json || application/json]}" onto public org.springframework.http.ResponseEntity<?> org.springframework.data.rest.webmvc.RepositoryEntityController.headCollectionResource(org.springframework.data.rest.webmvc.RootResourceInformation,org.springframework.data.rest.webmvc.support.DefaultedPageable) throws org.springframework.web.HttpRequestMethodNotSupportedException
2018-09-04 13:28:59,705 INFO (AbstractHandlerMethodMapping.java:543)- Mapped "{[/{repository}],methods=[GET],produces=[application/hal+json || application/json]}" onto public org.springframework.hateoas.Resources<?> org.springframework.data.rest.webmvc.RepositoryEntityController.getCollectionResource(org.springframework.data.rest.webmvc.RootResourceInformation,org.springframework.data.rest.webmvc.support.DefaultedPageable,org.springframework.data.domain.Sort,org.springframework.data.rest.webmvc.PersistentEntityResourceAssembler) throws org.springframework.data.rest.webmvc.ResourceNotFoundException,org.springframework.web.HttpRequestMethodNotSupportedException
2018-09-04 13:28:59,705 INFO (AbstractHandlerMethodMapping.java:543)- Mapped "{[/{repository}],methods=[GET],produces=[application/x-spring-data-compact+json || text/uri-list]}" onto public org.springframework.hateoas.Resources<?> org.springframework.data.rest.webmvc.RepositoryEntityController.getCollectionResourceCompact(org.springframework.data.rest.webmvc.RootResourceInformation,org.springframework.data.rest.webmvc.support.DefaultedPageable,org.springframework.data.domain.Sort,org.springframework.data.rest.webmvc.PersistentEntityResourceAssembler) throws org.springframework.data.rest.webmvc.ResourceNotFoundException,org.springframework.web.HttpRequestMethodNotSupportedException
2018-09-04 13:28:59,706 INFO (AbstractHandlerMethodMapping.java:543)- Mapped "{[/{repository}],methods=[POST],produces=[application/hal+json || application/json]}" onto public org.springframework.http.ResponseEntity<org.springframework.hateoas.ResourceSupport> org.springframework.data.rest.webmvc.RepositoryEntityController.postCollectionResource(org.springframework.data.rest.webmvc.RootResourceInformation,org.springframework.data.rest.webmvc.PersistentEntityResource,org.springframework.data.rest.webmvc.PersistentEntityResourceAssembler,java.lang.String) throws org.springframework.web.HttpRequestMethodNotSupportedException
2018-09-04 13:28:59,707 INFO (AbstractHandlerMethodMapping.java:543)- Mapped "{[/{repository}/{id}],methods=[OPTIONS],produces=[application/hal+json || application/json]}" onto public org.springframework.http.ResponseEntity<?> org.springframework.data.rest.webmvc.RepositoryEntityController.optionsForItemResource(org.springframework.data.rest.webmvc.RootResourceInformation)
2018-09-04 13:28:59,708 INFO (AbstractHandlerMethodMapping.java:543)- Mapped "{[/{repository}/{id}],methods=[HEAD],produces=[application/hal+json || application/json]}" onto public org.springframework.http.ResponseEntity<?> org.springframework.data.rest.webmvc.RepositoryEntityController.headForItemResource(org.springframework.data.rest.webmvc.RootResourceInformation,java.io.Serializable,org.springframework.data.rest.webmvc.PersistentEntityResourceAssembler) throws org.springframework.web.HttpRequestMethodNotSupportedException
2018-09-04 13:28:59,709 INFO (AbstractHandlerMethodMapping.java:543)- Mapped "{[/{repository}/{id}],methods=[PATCH],produces=[application/hal+json || application/json]}" onto public org.springframework.http.ResponseEntity<org.springframework.hateoas.ResourceSupport> org.springframework.data.rest.webmvc.RepositoryEntityController.patchItemResource(org.springframework.data.rest.webmvc.RootResourceInformation,org.springframework.data.rest.webmvc.PersistentEntityResource,java.io.Serializable,org.springframework.data.rest.webmvc.PersistentEntityResourceAssembler,org.springframework.data.rest.webmvc.support.ETag,java.lang.String) throws org.springframework.web.HttpRequestMethodNotSupportedException,org.springframework.data.rest.webmvc.ResourceNotFoundException
2018-09-04 13:28:59,710 INFO (AbstractHandlerMethodMapping.java:543)- Mapped "{[/{repository}/{id}],methods=[DELETE],produces=[application/hal+json || application/json]}" onto public org.springframework.http.ResponseEntity<?> org.springframework.data.rest.webmvc.RepositoryEntityController.deleteItemResource(org.springframework.data.rest.webmvc.RootResourceInformation,java.io.Serializable,org.springframework.data.rest.webmvc.support.ETag) throws org.springframework.data.rest.webmvc.ResourceNotFoundException,org.springframework.web.HttpRequestMethodNotSupportedException
2018-09-04 13:28:59,711 INFO (AbstractHandlerMethodMapping.java:543)- Mapped "{[/{repository}/{id}],methods=[GET],produces=[application/hal+json || application/json]}" onto public org.springframework.http.ResponseEntity<org.springframework.hateoas.Resource<?>> org.springframework.data.rest.webmvc.RepositoryEntityController.getItemResource(org.springframework.data.rest.webmvc.RootResourceInformation,java.io.Serializable,org.springframework.data.rest.webmvc.PersistentEntityResourceAssembler,org.springframework.http.HttpHeaders) throws org.springframework.web.HttpRequestMethodNotSupportedException
2018-09-04 13:28:59,712 INFO (AbstractHandlerMethodMapping.java:543)- Mapped "{[/{repository}/{id}],methods=[PUT],produces=[application/hal+json || application/json]}" onto public org.springframework.http.ResponseEntity<? extends org.springframework.hateoas.ResourceSupport> org.springframework.data.rest.webmvc.RepositoryEntityController.putItemResource(org.springframework.data.rest.webmvc.RootResourceInformation,org.springframework.data.rest.webmvc.PersistentEntityResource,java.io.Serializable,org.springframework.data.rest.webmvc.PersistentEntityResourceAssembler,org.springframework.data.rest.webmvc.support.ETag,java.lang.String) throws org.springframework.web.HttpRequestMethodNotSupportedException
2018-09-04 13:28:59,716 INFO (AbstractHandlerMethodMapping.java:543)- Mapped "{[/{repository}/search],methods=[OPTIONS],produces=[application/hal+json || application/json]}" onto public org.springframework.http.HttpEntity<?> org.springframework.data.rest.webmvc.RepositorySearchController.optionsForSearches(org.springframework.data.rest.webmvc.RootResourceInformation)
2018-09-04 13:28:59,717 INFO (AbstractHandlerMethodMapping.java:543)- Mapped "{[/{repository}/search/{search}],methods=[GET],produces=[application/x-spring-data-compact+json]}" onto public org.springframework.hateoas.ResourceSupport org.springframework.data.rest.webmvc.RepositorySearchController.executeSearchCompact(org.springframework.data.rest.webmvc.RootResourceInformation,org.springframework.http.HttpHeaders,org.springframework.util.MultiValueMap<java.lang.String, java.lang.Object>,java.lang.String,java.lang.String,org.springframework.data.rest.webmvc.support.DefaultedPageable,org.springframework.data.domain.Sort,org.springframework.data.rest.webmvc.PersistentEntityResourceAssembler)
2018-09-04 13:28:59,718 INFO (AbstractHandlerMethodMapping.java:543)- Mapped "{[/{repository}/search],methods=[GET],produces=[application/hal+json || application/json]}" onto public org.springframework.data.rest.webmvc.RepositorySearchesResource org.springframework.data.rest.webmvc.RepositorySearchController.listSearches(org.springframework.data.rest.webmvc.RootResourceInformation)
2018-09-04 13:28:59,719 INFO (AbstractHandlerMethodMapping.java:543)- Mapped "{[/{repository}/search],methods=[HEAD],produces=[application/hal+json || application/json]}" onto public org.springframework.http.HttpEntity<?> org.springframework.data.rest.webmvc.RepositorySearchController.headForSearches(org.springframework.data.rest.webmvc.RootResourceInformation)
2018-09-04 13:28:59,720 INFO (AbstractHandlerMethodMapping.java:543)- Mapped "{[/{repository}/search/{search}],methods=[GET],produces=[application/hal+json || application/json]}" onto public org.springframework.http.ResponseEntity<?> org.springframework.data.rest.webmvc.RepositorySearchController.executeSearch(org.springframework.data.rest.webmvc.RootResourceInformation,org.springframework.util.MultiValueMap<java.lang.String, java.lang.Object>,java.lang.String,org.springframework.data.rest.webmvc.support.DefaultedPageable,org.springframework.data.domain.Sort,org.springframework.data.rest.webmvc.PersistentEntityResourceAssembler,org.springframework.http.HttpHeaders)
2018-09-04 13:28:59,721 INFO (AbstractHandlerMethodMapping.java:543)- Mapped "{[/{repository}/search/{search}],methods=[HEAD],produces=[application/hal+json || application/json]}" onto public org.springframework.http.ResponseEntity<java.lang.Object> org.springframework.data.rest.webmvc.RepositorySearchController.headForSearch(org.springframework.data.rest.webmvc.RootResourceInformation,java.lang.String)
2018-09-04 13:28:59,721 INFO (AbstractHandlerMethodMapping.java:543)- Mapped "{[/{repository}/search/{search}],methods=[OPTIONS],produces=[application/hal+json || application/json]}" onto public org.springframework.http.ResponseEntity<java.lang.Object> org.springframework.data.rest.webmvc.RepositorySearchController.optionsForSearch(org.springframework.data.rest.webmvc.RootResourceInformation,java.lang.String)
2018-09-04 13:28:59,724 INFO (AbstractHandlerMethodMapping.java:543)- Mapped "{[/{repository}/{id}/{property}],methods=[GET],produces=[application/hal+json || application/json]}" onto public org.springframework.http.ResponseEntity<org.springframework.hateoas.ResourceSupport> org.springframework.data.rest.webmvc.RepositoryPropertyReferenceController.followPropertyReference(org.springframework.data.rest.webmvc.RootResourceInformation,java.io.Serializable,java.lang.String,org.springframework.data.rest.webmvc.PersistentEntityResourceAssembler) throws java.lang.Exception
2018-09-04 13:28:59,726 INFO (AbstractHandlerMethodMapping.java:543)- Mapped "{[/{repository}/{id}/{property}/{propertyId}],methods=[GET],produces=[application/hal+json || application/json]}" onto public org.springframework.http.ResponseEntity<org.springframework.hateoas.ResourceSupport> org.springframework.data.rest.webmvc.RepositoryPropertyReferenceController.followPropertyReference(org.springframework.data.rest.webmvc.RootResourceInformation,java.io.Serializable,java.lang.String,java.lang.String,org.springframework.data.rest.webmvc.PersistentEntityResourceAssembler) throws java.lang.Exception
2018-09-04 13:28:59,726 INFO (AbstractHandlerMethodMapping.java:543)- Mapped "{[/{repository}/{id}/{property}],methods=[DELETE],produces=[application/hal+json || application/json]}" onto public org.springframework.http.ResponseEntity<? extends org.springframework.hateoas.ResourceSupport> org.springframework.data.rest.webmvc.RepositoryPropertyReferenceController.deletePropertyReference(org.springframework.data.rest.webmvc.RootResourceInformation,java.io.Serializable,java.lang.String) throws java.lang.Exception
2018-09-04 13:28:59,727 INFO (AbstractHandlerMethodMapping.java:543)- Mapped "{[/{repository}/{id}/{property}],methods=[GET],produces=[application/x-spring-data-compact+json || text/uri-list]}" onto public org.springframework.http.ResponseEntity<org.springframework.hateoas.ResourceSupport> org.springframework.data.rest.webmvc.RepositoryPropertyReferenceController.followPropertyReferenceCompact(org.springframework.data.rest.webmvc.RootResourceInformation,java.io.Serializable,java.lang.String,org.springframework.data.rest.webmvc.PersistentEntityResourceAssembler) throws java.lang.Exception
2018-09-04 13:28:59,728 INFO (AbstractHandlerMethodMapping.java:543)- Mapped "{[/{repository}/{id}/{property}],methods=[PATCH || PUT || POST],consumes=[application/json || application/x-spring-data-compact+json || text/uri-list],produces=[application/hal+json || application/json]}" onto public org.springframework.http.ResponseEntity<? extends org.springframework.hateoas.ResourceSupport> org.springframework.data.rest.webmvc.RepositoryPropertyReferenceController.createPropertyReference(org.springframework.data.rest.webmvc.RootResourceInformation,org.springframework.http.HttpMethod,org.springframework.hateoas.Resources<java.lang.Object>,java.io.Serializable,java.lang.String) throws java.lang.Exception
2018-09-04 13:28:59,730 INFO (AbstractHandlerMethodMapping.java:543)- Mapped "{[/{repository}/{id}/{property}/{propertyId}],methods=[DELETE],produces=[application/hal+json || application/json]}" onto public org.springframework.http.ResponseEntity<org.springframework.hateoas.ResourceSupport> org.springframework.data.rest.webmvc.RepositoryPropertyReferenceController.deletePropertyReferenceId(org.springframework.data.rest.webmvc.RootResourceInformation,java.io.Serializable,java.lang.String,java.lang.String) throws java.lang.Exception
2018-09-04 13:28:59,739 INFO (AbstractHandlerMethodMapping.java:543)- Mapped "{[/profile/{repository}],methods=[GET],produces=[application/alps+json || */*]}" onto org.springframework.http.HttpEntity<org.springframework.data.rest.webmvc.RootResourceInformation> org.springframework.data.rest.webmvc.alps.AlpsController.descriptor(org.springframework.data.rest.webmvc.RootResourceInformation)
2018-09-04 13:28:59,740 INFO (AbstractHandlerMethodMapping.java:543)- Mapped "{[/profile/{repository}],methods=[OPTIONS],produces=[application/alps+json]}" onto org.springframework.http.HttpEntity<?> org.springframework.data.rest.webmvc.alps.AlpsController.alpsOptions()
2018-09-04 13:28:59,741 INFO (AbstractHandlerMethodMapping.java:543)- Mapped "{[/profile/{repository}],methods=[GET],produces=[application/schema+json]}" onto public org.springframework.http.HttpEntity<org.springframework.data.rest.webmvc.json.JsonSchema> org.springframework.data.rest.webmvc.RepositorySchemaController.schema(org.springframework.data.rest.webmvc.RootResourceInformation)
2018-09-04 13:28:59,742 INFO (AbstractHandlerMethodMapping.java:543)- Mapped "{[/profile],methods=[OPTIONS]}" onto public org.springframework.http.HttpEntity<?> org.springframework.data.rest.webmvc.ProfileController.profileOptions()
2018-09-04 13:28:59,744 INFO (AbstractHandlerMethodMapping.java:543)- Mapped "{[/profile],methods=[GET]}" onto org.springframework.http.HttpEntity<org.springframework.hateoas.ResourceSupport> org.springframework.data.rest.webmvc.ProfileController.listAllFormsOfMetadata()
2018-09-04 13:29:00,365 INFO (OptionalLiveReloadServer.java:58)- LiveReload server is running on port 35729
2018-09-04 13:29:00,699 INFO (MBeanExporter.java:431)- Registering beans for JMX exposure on startup
2018-09-04 13:29:00,701 INFO (MBeanExporter.java:916)- Bean with name 'master1DataSource' has been autodetected for JMX exposure
2018-09-04 13:29:00,702 INFO (MBeanExporter.java:916)- Bean with name 'master2DataSource' has been autodetected for JMX exposure
2018-09-04 13:29:00,703 INFO (MBeanExporter.java:916)- Bean with name 'statFilter' has been autodetected for JMX exposure
2018-09-04 13:29:00,713 INFO (MBeanExporter.java:671)- Located MBean 'master1DataSource': registering with JMX server as MBean [com.alibaba.druid.pool:name=master1DataSource,type=DruidDataSource]
2018-09-04 13:29:00,716 INFO (MBeanExporter.java:671)- Located MBean 'master2DataSource': registering with JMX server as MBean [com.alibaba.druid.pool:name=master2DataSource,type=DruidDataSource]
2018-09-04 13:29:00,717 INFO (MBeanExporter.java:671)- Located MBean 'statFilter': registering with JMX server as MBean [com.alibaba.druid.filter.stat:name=statFilter,type=StatFilter]
2018-09-04 13:29:00,740 INFO (DirectJDKLog.java:179)- Initializing ProtocolHandler ["http-nio-8088"]
2018-09-04 13:29:00,756 INFO (DirectJDKLog.java:179)- Starting ProtocolHandler ["http-nio-8088"]
2018-09-04 13:29:00,790 INFO (DirectJDKLog.java:179)- Using a shared selector for servlet write/read
2018-09-04 13:29:00,818 INFO (DirectJDKLog.java:179)- Initializing Spring FrameworkServlet 'dispatcherServlet'
2018-09-04 13:29:00,819 INFO (FrameworkServlet.java:489)- FrameworkServlet 'dispatcherServlet': initialization started
2018-09-04 13:29:00,873 INFO (FrameworkServlet.java:508)- FrameworkServlet 'dispatcherServlet': initialization completed in 54 ms
2018-09-04 13:29:00,885 INFO (TomcatEmbeddedServletContainer.java:201)- Tomcat started on port(s): 8088 (http)
2018-09-04 13:29:00,896 INFO (StartupInfoLogger.java:57)- Started WebApplication in 18.506 seconds (JVM running for 26.452)
2018-09-04 13:29:19,246 INFO (DruidDataSource.java:922)- {dataSource-1} inited
2018-09-04 13:29:20,174 DEBUG (BaseJdbcLogger.java:159)- ==>  Preparing: select user_id, employee_id, `name`, nickname, account, `password`, `session`, session_expired, `identity`, use_status, corporation_id, institution_id, department_id, creator, create_time, modifier, modify_time, `valid`, sso from config_user 
2018-09-04 13:29:20,197 DEBUG (BaseJdbcLogger.java:159)- ==> Parameters: 
2018-09-04 13:29:20,275 DEBUG (BaseJdbcLogger.java:159)- <==      Total: 64
2018-09-04 13:29:20,281 DEBUG (BaseJdbcLogger.java:159)- ==>  Preparing: select role_id, `name`, `valid`, memo, creator, create_time, modifier, modify_time from config_role where role_id = ? 
2018-09-04 13:29:20,283 DEBUG (BaseJdbcLogger.java:159)- ==> Parameters: 1(Integer)
2018-09-04 13:29:20,289 DEBUG (BaseJdbcLogger.java:159)- <==      Total: 1
2018-09-04 13:35:20,786 INFO (StartupInfoLogger.java:48)- Starting WebApplication on gfl0492 with PID 936 (D:\mywork\01-test\mybatislearn\web\target\classes started by manman.si in D:\mywork\01-test\mybatislearn)
2018-09-04 13:35:20,789 DEBUG (StartupInfoLogger.java:51)- Running with Spring Boot v1.5.9.RELEASE, Spring v4.3.13.RELEASE
2018-09-04 13:35:20,790 INFO (SpringApplication.java:593)- No active profile set, falling back to default profiles: default
2018-09-04 13:35:20,940 INFO (AbstractApplicationContext.java:583)- Refreshing org.springframework.boot.context.embedded.AnnotationConfigEmbeddedWebApplicationContext@45e07c39: startup date [Tue Sep 04 13:35:20 CST 2018]; root of context hierarchy
2018-09-04 13:35:21,281 INFO (Version.java:30)- HV000001: Hibernate Validator 5.3.6.Final
2018-09-04 13:35:24,935 INFO (RepositoryConfigurationDelegate.java:165)- Multiple Spring Data modules found, entering strict repository configuration mode!
2018-09-04 13:35:25,042 INFO (DefaultListableBeanFactory.java:828)- Overriding bean definition for bean 'httpRequestHandlerAdapter' with a different definition: replacing [Root bean: class [null]; scope=; abstract=false; lazyInit=false; autowireMode=3; dependencyCheck=0; autowireCandidate=true; primary=false; factoryBeanName=org.springframework.boot.autoconfigure.web.WebMvcAutoConfiguration$EnableWebMvcConfiguration; factoryMethodName=httpRequestHandlerAdapter; initMethodName=null; destroyMethodName=(inferred); defined in class path resource [org/springframework/boot/autoconfigure/web/WebMvcAutoConfiguration$EnableWebMvcConfiguration.class]] with [Root bean: class [null]; scope=; abstract=false; lazyInit=false; autowireMode=3; dependencyCheck=0; autowireCandidate=true; primary=false; factoryBeanName=org.springframework.data.rest.webmvc.config.RepositoryRestMvcConfiguration; factoryMethodName=httpRequestHandlerAdapter; initMethodName=null; destroyMethodName=(inferred); defined in class path resource [org/springframework/data/rest/webmvc/config/RepositoryRestMvcConfiguration.class]]
2018-09-04 13:35:26,170 INFO (PostProcessorRegistrationDelegate.java:327)- Bean 'org.springframework.transaction.annotation.ProxyTransactionManagementConfiguration' of type [org.springframework.transaction.annotation.ProxyTransactionManagementConfiguration$$EnhancerBySpringCGLIB$$8afe3be1] is not eligible for getting processed by all BeanPostProcessors (for example: not eligible for auto-proxying)
2018-09-04 13:35:27,410 INFO (TomcatEmbeddedServletContainer.java:89)- Tomcat initialized with port(s): 8088 (http)
2018-09-04 13:35:27,451 INFO (DirectJDKLog.java:179)- Starting service [Tomcat]
2018-09-04 13:35:27,453 INFO (DirectJDKLog.java:179)- Starting Servlet Engine: Apache Tomcat/8.5.23
2018-09-04 13:35:27,712 INFO (DirectJDKLog.java:179)- Initializing Spring embedded WebApplicationContext
2018-09-04 13:35:27,714 INFO (EmbeddedWebApplicationContext.java:276)- Root WebApplicationContext: initialization completed in 6775 ms
2018-09-04 13:35:28,263 INFO (ServletRegistrationBean.java:190)- Mapping servlet: 'dispatcherServlet' to [/]
2018-09-04 13:35:28,266 INFO (ServletRegistrationBean.java:190)- Mapping servlet: 'statViewServlet' to [/druid/*]
2018-09-04 13:35:28,272 INFO (AbstractFilterRegistrationBean.java:258)- Mapping filter: 'characterEncodingFilter' to: [/*]
2018-09-04 13:35:28,273 INFO (AbstractFilterRegistrationBean.java:258)- Mapping filter: 'hiddenHttpMethodFilter' to: [/*]
2018-09-04 13:35:28,273 INFO (AbstractFilterRegistrationBean.java:258)- Mapping filter: 'httpPutFormContentFilter' to: [/*]
2018-09-04 13:35:28,274 INFO (AbstractFilterRegistrationBean.java:258)- Mapping filter: 'requestContextFilter' to: [/*]
2018-09-04 13:35:28,274 INFO (AbstractFilterRegistrationBean.java:271)- Mapping filter: 'webStatFilter' to urls: [/*]
2018-09-04 13:35:28,593 INFO (FreeMarkerConfigurer.java:127)- ClassTemplateLoader for Spring macros added to FreeMarker configuration
2018-09-04 13:35:31,385 INFO (RequestMappingHandlerAdapter.java:534)- Looking for @ControllerAdvice: org.springframework.boot.context.embedded.AnnotationConfigEmbeddedWebApplicationContext@45e07c39: startup date [Tue Sep 04 13:35:20 CST 2018]; root of context hierarchy
2018-09-04 13:35:31,511 INFO (AbstractHandlerMethodMapping.java:543)- Mapped "{[/file/export]}" onto public void simm.learning.web.controllers.FileController.export(javax.servlet.http.HttpServletRequest,javax.servlet.http.HttpServletResponse)
2018-09-04 13:35:31,513 INFO (AbstractHandlerMethodMapping.java:543)- Mapped "{[/user/index]}" onto public java.lang.String simm.learning.web.controllers.UserController.index(java.util.Map<java.lang.String, java.lang.Object>)
2018-09-04 13:35:31,514 INFO (AbstractHandlerMethodMapping.java:543)- Mapped "{[/user/list2]}" onto public java.util.List<simm.learning.biz.entity.authority.User> simm.learning.web.controllers.UserController.getList2()
2018-09-04 13:35:31,515 INFO (AbstractHandlerMethodMapping.java:543)- Mapped "{[/user/list]}" onto public java.util.List<simm.learning.biz.entity.authority.User> simm.learning.web.controllers.UserController.getList(simm.learning.biz.entity.RequestJson<simm.learning.biz.entity.authority.User>)
2018-09-04 13:35:31,518 INFO (AbstractHandlerMethodMapping.java:543)- Mapped "{[/error]}" onto public org.springframework.http.ResponseEntity<java.util.Map<java.lang.String, java.lang.Object>> org.springframework.boot.autoconfigure.web.BasicErrorController.error(javax.servlet.http.HttpServletRequest)
2018-09-04 13:35:31,519 INFO (AbstractHandlerMethodMapping.java:543)- Mapped "{[/error],produces=[text/html]}" onto public org.springframework.web.servlet.ModelAndView org.springframework.boot.autoconfigure.web.BasicErrorController.errorHtml(javax.servlet.http.HttpServletRequest,javax.servlet.http.HttpServletResponse)
2018-09-04 13:35:31,613 INFO (AbstractUrlHandlerMapping.java:362)- Mapped URL path [/webjars/**] onto handler of type [class org.springframework.web.servlet.resource.ResourceHttpRequestHandler]
2018-09-04 13:35:31,613 INFO (AbstractUrlHandlerMapping.java:362)- Mapped URL path [/**] onto handler of type [class org.springframework.web.servlet.resource.ResourceHttpRequestHandler]
2018-09-04 13:35:31,662 INFO (ExceptionHandlerExceptionResolver.java:273)- Detected @ExceptionHandler methods in repositoryRestExceptionHandler
2018-09-04 13:35:31,847 INFO (AbstractUrlHandlerMapping.java:362)- Mapped URL path [/**/favicon.ico] onto handler of type [class org.springframework.web.servlet.resource.ResourceHttpRequestHandler]
2018-09-04 13:35:33,522 INFO (RequestMappingHandlerAdapter.java:534)- Looking for @ControllerAdvice: org.springframework.boot.context.embedded.AnnotationConfigEmbeddedWebApplicationContext@45e07c39: startup date [Tue Sep 04 13:35:20 CST 2018]; root of context hierarchy
2018-09-04 13:35:33,564 INFO (AbstractHandlerMethodMapping.java:543)- Mapped "{[/ || ],methods=[GET],produces=[application/hal+json || application/json]}" onto public org.springframework.http.HttpEntity<org.springframework.data.rest.webmvc.RepositoryLinksResource> org.springframework.data.rest.webmvc.RepositoryController.listRepositories()
2018-09-04 13:35:33,565 INFO (AbstractHandlerMethodMapping.java:543)- Mapped "{[/ || ],methods=[OPTIONS],produces=[application/hal+json || application/json]}" onto public org.springframework.http.HttpEntity<?> org.springframework.data.rest.webmvc.RepositoryController.optionsForRepositories()
2018-09-04 13:35:33,567 INFO (AbstractHandlerMethodMapping.java:543)- Mapped "{[/ || ],methods=[HEAD],produces=[application/hal+json || application/json]}" onto public org.springframework.http.ResponseEntity<?> org.springframework.data.rest.webmvc.RepositoryController.headForRepositories()
2018-09-04 13:35:33,574 INFO (AbstractHandlerMethodMapping.java:543)- Mapped "{[/{repository}/{id}],methods=[GET],produces=[application/hal+json || application/json]}" onto public org.springframework.http.ResponseEntity<org.springframework.hateoas.Resource<?>> org.springframework.data.rest.webmvc.RepositoryEntityController.getItemResource(org.springframework.data.rest.webmvc.RootResourceInformation,java.io.Serializable,org.springframework.data.rest.webmvc.PersistentEntityResourceAssembler,org.springframework.http.HttpHeaders) throws org.springframework.web.HttpRequestMethodNotSupportedException
2018-09-04 13:35:33,576 INFO (AbstractHandlerMethodMapping.java:543)- Mapped "{[/{repository}/{id}],methods=[PUT],produces=[application/hal+json || application/json]}" onto public org.springframework.http.ResponseEntity<? extends org.springframework.hateoas.ResourceSupport> org.springframework.data.rest.webmvc.RepositoryEntityController.putItemResource(org.springframework.data.rest.webmvc.RootResourceInformation,org.springframework.data.rest.webmvc.PersistentEntityResource,java.io.Serializable,org.springframework.data.rest.webmvc.PersistentEntityResourceAssembler,org.springframework.data.rest.webmvc.support.ETag,java.lang.String) throws org.springframework.web.HttpRequestMethodNotSupportedException
2018-09-04 13:35:33,578 INFO (AbstractHandlerMethodMapping.java:543)- Mapped "{[/{repository}],methods=[OPTIONS],produces=[application/hal+json || application/json]}" onto public org.springframework.http.ResponseEntity<?> org.springframework.data.rest.webmvc.RepositoryEntityController.optionsForCollectionResource(org.springframework.data.rest.webmvc.RootResourceInformation)
2018-09-04 13:35:33,579 INFO (AbstractHandlerMethodMapping.java:543)- Mapped "{[/{repository}],methods=[HEAD],produces=[application/hal+json || application/json]}" onto public org.springframework.http.ResponseEntity<?> org.springframework.data.rest.webmvc.RepositoryEntityController.headCollectionResource(org.springframework.data.rest.webmvc.RootResourceInformation,org.springframework.data.rest.webmvc.support.DefaultedPageable) throws org.springframework.web.HttpRequestMethodNotSupportedException
2018-09-04 13:35:33,581 INFO (AbstractHandlerMethodMapping.java:543)- Mapped "{[/{repository}],methods=[GET],produces=[application/hal+json || application/json]}" onto public org.springframework.hateoas.Resources<?> org.springframework.data.rest.webmvc.RepositoryEntityController.getCollectionResource(org.springframework.data.rest.webmvc.RootResourceInformation,org.springframework.data.rest.webmvc.support.DefaultedPageable,org.springframework.data.domain.Sort,org.springframework.data.rest.webmvc.PersistentEntityResourceAssembler) throws org.springframework.data.rest.webmvc.ResourceNotFoundException,org.springframework.web.HttpRequestMethodNotSupportedException
2018-09-04 13:35:33,582 INFO (AbstractHandlerMethodMapping.java:543)- Mapped "{[/{repository}],methods=[GET],produces=[application/x-spring-data-compact+json || text/uri-list]}" onto public org.springframework.hateoas.Resources<?> org.springframework.data.rest.webmvc.RepositoryEntityController.getCollectionResourceCompact(org.springframework.data.rest.webmvc.RootResourceInformation,org.springframework.data.rest.webmvc.support.DefaultedPageable,org.springframework.data.domain.Sort,org.springframework.data.rest.webmvc.PersistentEntityResourceAssembler) throws org.springframework.data.rest.webmvc.ResourceNotFoundException,org.springframework.web.HttpRequestMethodNotSupportedException
2018-09-04 13:35:33,583 INFO (AbstractHandlerMethodMapping.java:543)- Mapped "{[/{repository}],methods=[POST],produces=[application/hal+json || application/json]}" onto public org.springframework.http.ResponseEntity<org.springframework.hateoas.ResourceSupport> org.springframework.data.rest.webmvc.RepositoryEntityController.postCollectionResource(org.springframework.data.rest.webmvc.RootResourceInformation,org.springframework.data.rest.webmvc.PersistentEntityResource,org.springframework.data.rest.webmvc.PersistentEntityResourceAssembler,java.lang.String) throws org.springframework.web.HttpRequestMethodNotSupportedException
2018-09-04 13:35:33,584 INFO (AbstractHandlerMethodMapping.java:543)- Mapped "{[/{repository}/{id}],methods=[OPTIONS],produces=[application/hal+json || application/json]}" onto public org.springframework.http.ResponseEntity<?> org.springframework.data.rest.webmvc.RepositoryEntityController.optionsForItemResource(org.springframework.data.rest.webmvc.RootResourceInformation)
2018-09-04 13:35:33,585 INFO (AbstractHandlerMethodMapping.java:543)- Mapped "{[/{repository}/{id}],methods=[HEAD],produces=[application/hal+json || application/json]}" onto public org.springframework.http.ResponseEntity<?> org.springframework.data.rest.webmvc.RepositoryEntityController.headForItemResource(org.springframework.data.rest.webmvc.RootResourceInformation,java.io.Serializable,org.springframework.data.rest.webmvc.PersistentEntityResourceAssembler) throws org.springframework.web.HttpRequestMethodNotSupportedException
2018-09-04 13:35:33,585 INFO (AbstractHandlerMethodMapping.java:543)- Mapped "{[/{repository}/{id}],methods=[PATCH],produces=[application/hal+json || application/json]}" onto public org.springframework.http.ResponseEntity<org.springframework.hateoas.ResourceSupport> org.springframework.data.rest.webmvc.RepositoryEntityController.patchItemResource(org.springframework.data.rest.webmvc.RootResourceInformation,org.springframework.data.rest.webmvc.PersistentEntityResource,java.io.Serializable,org.springframework.data.rest.webmvc.PersistentEntityResourceAssembler,org.springframework.data.rest.webmvc.support.ETag,java.lang.String) throws org.springframework.web.HttpRequestMethodNotSupportedException,org.springframework.data.rest.webmvc.ResourceNotFoundException
2018-09-04 13:35:33,586 INFO (AbstractHandlerMethodMapping.java:543)- Mapped "{[/{repository}/{id}],methods=[DELETE],produces=[application/hal+json || application/json]}" onto public org.springframework.http.ResponseEntity<?> org.springframework.data.rest.webmvc.RepositoryEntityController.deleteItemResource(org.springframework.data.rest.webmvc.RootResourceInformation,java.io.Serializable,org.springframework.data.rest.webmvc.support.ETag) throws org.springframework.data.rest.webmvc.ResourceNotFoundException,org.springframework.web.HttpRequestMethodNotSupportedException
2018-09-04 13:35:33,589 INFO (AbstractHandlerMethodMapping.java:543)- Mapped "{[/{repository}/search],methods=[GET],produces=[application/hal+json || application/json]}" onto public org.springframework.data.rest.webmvc.RepositorySearchesResource org.springframework.data.rest.webmvc.RepositorySearchController.listSearches(org.springframework.data.rest.webmvc.RootResourceInformation)
2018-09-04 13:35:33,592 INFO (AbstractHandlerMethodMapping.java:543)- Mapped "{[/{repository}/search],methods=[HEAD],produces=[application/hal+json || application/json]}" onto public org.springframework.http.HttpEntity<?> org.springframework.data.rest.webmvc.RepositorySearchController.headForSearches(org.springframework.data.rest.webmvc.RootResourceInformation)
2018-09-04 13:35:33,593 INFO (AbstractHandlerMethodMapping.java:543)- Mapped "{[/{repository}/search/{search}],methods=[GET],produces=[application/hal+json || application/json]}" onto public org.springframework.http.ResponseEntity<?> org.springframework.data.rest.webmvc.RepositorySearchController.executeSearch(org.springframework.data.rest.webmvc.RootResourceInformation,org.springframework.util.MultiValueMap<java.lang.String, java.lang.Object>,java.lang.String,org.springframework.data.rest.webmvc.support.DefaultedPageable,org.springframework.data.domain.Sort,org.springframework.data.rest.webmvc.PersistentEntityResourceAssembler,org.springframework.http.HttpHeaders)
2018-09-04 13:35:33,595 INFO (AbstractHandlerMethodMapping.java:543)- Mapped "{[/{repository}/search/{search}],methods=[HEAD],produces=[application/hal+json || application/json]}" onto public org.springframework.http.ResponseEntity<java.lang.Object> org.springframework.data.rest.webmvc.RepositorySearchController.headForSearch(org.springframework.data.rest.webmvc.RootResourceInformation,java.lang.String)
2018-09-04 13:35:33,596 INFO (AbstractHandlerMethodMapping.java:543)- Mapped "{[/{repository}/search/{search}],methods=[OPTIONS],produces=[application/hal+json || application/json]}" onto public org.springframework.http.ResponseEntity<java.lang.Object> org.springframework.data.rest.webmvc.RepositorySearchController.optionsForSearch(org.springframework.data.rest.webmvc.RootResourceInformation,java.lang.String)
2018-09-04 13:35:33,597 INFO (AbstractHandlerMethodMapping.java:543)- Mapped "{[/{repository}/search],methods=[OPTIONS],produces=[application/hal+json || application/json]}" onto public org.springframework.http.HttpEntity<?> org.springframework.data.rest.webmvc.RepositorySearchController.optionsForSearches(org.springframework.data.rest.webmvc.RootResourceInformation)
2018-09-04 13:35:33,598 INFO (AbstractHandlerMethodMapping.java:543)- Mapped "{[/{repository}/search/{search}],methods=[GET],produces=[application/x-spring-data-compact+json]}" onto public org.springframework.hateoas.ResourceSupport org.springframework.data.rest.webmvc.RepositorySearchController.executeSearchCompact(org.springframework.data.rest.webmvc.RootResourceInformation,org.springframework.http.HttpHeaders,org.springframework.util.MultiValueMap<java.lang.String, java.lang.Object>,java.lang.String,java.lang.String,org.springframework.data.rest.webmvc.support.DefaultedPageable,org.springframework.data.domain.Sort,org.springframework.data.rest.webmvc.PersistentEntityResourceAssembler)
2018-09-04 13:35:33,602 INFO (AbstractHandlerMethodMapping.java:543)- Mapped "{[/{repository}/{id}/{property}],methods=[GET],produces=[application/hal+json || application/json]}" onto public org.springframework.http.ResponseEntity<org.springframework.hateoas.ResourceSupport> org.springframework.data.rest.webmvc.RepositoryPropertyReferenceController.followPropertyReference(org.springframework.data.rest.webmvc.RootResourceInformation,java.io.Serializable,java.lang.String,org.springframework.data.rest.webmvc.PersistentEntityResourceAssembler) throws java.lang.Exception
2018-09-04 13:35:33,603 INFO (AbstractHandlerMethodMapping.java:543)- Mapped "{[/{repository}/{id}/{property}/{propertyId}],methods=[GET],produces=[application/hal+json || application/json]}" onto public org.springframework.http.ResponseEntity<org.springframework.hateoas.ResourceSupport> org.springframework.data.rest.webmvc.RepositoryPropertyReferenceController.followPropertyReference(org.springframework.data.rest.webmvc.RootResourceInformation,java.io.Serializable,java.lang.String,java.lang.String,org.springframework.data.rest.webmvc.PersistentEntityResourceAssembler) throws java.lang.Exception
2018-09-04 13:35:33,603 INFO (AbstractHandlerMethodMapping.java:543)- Mapped "{[/{repository}/{id}/{property}],methods=[DELETE],produces=[application/hal+json || application/json]}" onto public org.springframework.http.ResponseEntity<? extends org.springframework.hateoas.ResourceSupport> org.springframework.data.rest.webmvc.RepositoryPropertyReferenceController.deletePropertyReference(org.springframework.data.rest.webmvc.RootResourceInformation,java.io.Serializable,java.lang.String) throws java.lang.Exception
2018-09-04 13:35:33,604 INFO (AbstractHandlerMethodMapping.java:543)- Mapped "{[/{repository}/{id}/{property}],methods=[GET],produces=[application/x-spring-data-compact+json || text/uri-list]}" onto public org.springframework.http.ResponseEntity<org.springframework.hateoas.ResourceSupport> org.springframework.data.rest.webmvc.RepositoryPropertyReferenceController.followPropertyReferenceCompact(org.springframework.data.rest.webmvc.RootResourceInformation,java.io.Serializable,java.lang.String,org.springframework.data.rest.webmvc.PersistentEntityResourceAssembler) throws java.lang.Exception
2018-09-04 13:35:33,605 INFO (AbstractHandlerMethodMapping.java:543)- Mapped "{[/{repository}/{id}/{property}],methods=[PATCH || PUT || POST],consumes=[application/json || application/x-spring-data-compact+json || text/uri-list],produces=[application/hal+json || application/json]}" onto public org.springframework.http.ResponseEntity<? extends org.springframework.hateoas.ResourceSupport> org.springframework.data.rest.webmvc.RepositoryPropertyReferenceController.createPropertyReference(org.springframework.data.rest.webmvc.RootResourceInformation,org.springframework.http.HttpMethod,org.springframework.hateoas.Resources<java.lang.Object>,java.io.Serializable,java.lang.String) throws java.lang.Exception
2018-09-04 13:35:33,608 INFO (AbstractHandlerMethodMapping.java:543)- Mapped "{[/{repository}/{id}/{property}/{propertyId}],methods=[DELETE],produces=[application/hal+json || application/json]}" onto public org.springframework.http.ResponseEntity<org.springframework.hateoas.ResourceSupport> org.springframework.data.rest.webmvc.RepositoryPropertyReferenceController.deletePropertyReferenceId(org.springframework.data.rest.webmvc.RootResourceInformation,java.io.Serializable,java.lang.String,java.lang.String) throws java.lang.Exception
2018-09-04 13:35:33,619 INFO (AbstractHandlerMethodMapping.java:543)- Mapped "{[/profile/{repository}],methods=[OPTIONS],produces=[application/alps+json]}" onto org.springframework.http.HttpEntity<?> org.springframework.data.rest.webmvc.alps.AlpsController.alpsOptions()
2018-09-04 13:35:33,621 INFO (AbstractHandlerMethodMapping.java:543)- Mapped "{[/profile/{repository}],methods=[GET],produces=[application/alps+json || */*]}" onto org.springframework.http.HttpEntity<org.springframework.data.rest.webmvc.RootResourceInformation> org.springframework.data.rest.webmvc.alps.AlpsController.descriptor(org.springframework.data.rest.webmvc.RootResourceInformation)
2018-09-04 13:35:33,622 INFO (AbstractHandlerMethodMapping.java:543)- Mapped "{[/profile/{repository}],methods=[GET],produces=[application/schema+json]}" onto public org.springframework.http.HttpEntity<org.springframework.data.rest.webmvc.json.JsonSchema> org.springframework.data.rest.webmvc.RepositorySchemaController.schema(org.springframework.data.rest.webmvc.RootResourceInformation)
2018-09-04 13:35:33,625 INFO (AbstractHandlerMethodMapping.java:543)- Mapped "{[/profile],methods=[OPTIONS]}" onto public org.springframework.http.HttpEntity<?> org.springframework.data.rest.webmvc.ProfileController.profileOptions()
2018-09-04 13:35:33,626 INFO (AbstractHandlerMethodMapping.java:543)- Mapped "{[/profile],methods=[GET]}" onto org.springframework.http.HttpEntity<org.springframework.hateoas.ResourceSupport> org.springframework.data.rest.webmvc.ProfileController.listAllFormsOfMetadata()
2018-09-04 13:35:34,250 INFO (OptionalLiveReloadServer.java:58)- LiveReload server is running on port 35729
2018-09-04 13:35:34,763 INFO (MBeanExporter.java:431)- Registering beans for JMX exposure on startup
2018-09-04 13:35:34,765 INFO (MBeanExporter.java:916)- Bean with name 'master1DataSource' has been autodetected for JMX exposure
2018-09-04 13:35:34,765 INFO (MBeanExporter.java:916)- Bean with name 'master2DataSource' has been autodetected for JMX exposure
2018-09-04 13:35:34,767 INFO (MBeanExporter.java:916)- Bean with name 'statFilter' has been autodetected for JMX exposure
2018-09-04 13:35:34,778 INFO (MBeanExporter.java:671)- Located MBean 'master1DataSource': registering with JMX server as MBean [com.alibaba.druid.pool:name=master1DataSource,type=DruidDataSource]
2018-09-04 13:35:34,782 INFO (MBeanExporter.java:671)- Located MBean 'master2DataSource': registering with JMX server as MBean [com.alibaba.druid.pool:name=master2DataSource,type=DruidDataSource]
2018-09-04 13:35:34,785 INFO (MBeanExporter.java:671)- Located MBean 'statFilter': registering with JMX server as MBean [com.alibaba.druid.filter.stat:name=statFilter,type=StatFilter]
2018-09-04 13:35:34,823 INFO (DirectJDKLog.java:179)- Initializing ProtocolHandler ["http-nio-8088"]
2018-09-04 13:35:34,849 INFO (DirectJDKLog.java:179)- Starting ProtocolHandler ["http-nio-8088"]
2018-09-04 13:35:34,893 INFO (DirectJDKLog.java:179)- Using a shared selector for servlet write/read
2018-09-04 13:35:34,943 INFO (DirectJDKLog.java:179)- Initializing Spring FrameworkServlet 'dispatcherServlet'
2018-09-04 13:35:34,944 INFO (FrameworkServlet.java:489)- FrameworkServlet 'dispatcherServlet': initialization started
2018-09-04 13:35:35,027 INFO (FrameworkServlet.java:508)- FrameworkServlet 'dispatcherServlet': initialization completed in 83 ms
2018-09-04 13:35:35,044 INFO (TomcatEmbeddedServletContainer.java:201)- Tomcat started on port(s): 8088 (http)
2018-09-04 13:35:35,057 INFO (StartupInfoLogger.java:57)- Started WebApplication in 15.405 seconds (JVM running for 18.866)
2018-09-04 13:35:45,450 INFO (DruidDataSource.java:922)- {dataSource-1} inited
2018-09-04 13:35:46,368 DEBUG (BaseJdbcLogger.java:159)- ==>  Preparing: select user_id, employee_id, `name`, nickname, account, `password`, `session`, session_expired, `identity`, use_status, corporation_id, institution_id, department_id, creator, create_time, modifier, modify_time, `valid`, sso from config_user 
2018-09-04 13:35:46,400 DEBUG (BaseJdbcLogger.java:159)- ==> Parameters: 
2018-09-04 13:35:46,469 DEBUG (BaseJdbcLogger.java:159)- <==      Total: 64
2018-09-04 13:35:46,473 DEBUG (BaseJdbcLogger.java:159)- ==>  Preparing: select role_id, `name`, `valid`, memo, creator, create_time, modifier, modify_time from config_role where role_id = ? 
2018-09-04 13:35:46,476 DEBUG (BaseJdbcLogger.java:159)- ==> Parameters: 1(Integer)
2018-09-04 13:35:46,481 DEBUG (BaseJdbcLogger.java:159)- <==      Total: 1
